<?xml version="1.0" encoding="UTF-8"?>
<!-- Generated by org.testng.reporters.JUnitXMLReporter -->
<testsuite ignored="0" hostname="POOLW42SLPC7756" failures="0" tests="7" name="Addcoupon_Testcase" time="266.895" errors="0" timestamp="2022-12-09T12:24:28 IST">
  <testcase classname="Testcase.Addcoupon_Testcase" name="Valid_Data" time="24.825"/>
  <testcase classname="Testcase.Addcoupon_Testcase" name="Invalidspecial_Data" time="22.576"/>
  <testcase classname="Testcase.Addcoupon_Testcase" name="Invalidnum_Data" time="11.909"/>
  <testcase classname="Testcase.Addcoupon_Testcase" name="Invalidspaces_Data" time="12.5"/>
  <testcase classname="Testcase.Addcoupon_Testcase" name="Invaliddoubspaces_Data" time="12.534"/>
  <testcase classname="Testcase.Addcoupon_Testcase" name="Invalidnumspecial_Data" time="17.501"/>
  <testcase classname="Testcase.Addcoupon_Testcase" name="Invalidalphaspecial_Data" time="12.465"/>
</testsuite> <!-- Addcoupon_Testcase -->
